# JRE version: OpenJDK Runtime Environment Corretto-19.0.2.7.1 (19.0.2+7) (build 19.0.2+7-FR)
# Java VM: OpenJDK 64-Bit Server VM Corretto-19.0.2.7.1 (19.0.2+7-FR, mixed mode, sharing, tiered, compressed oops, compressed class ptrs, g1 gc, windows-amd64)
GC Precious Log:
 CardTable entry size: 512
 Card Set container configuration: InlinePtr #cards 4 size 8 Array Of Cards #cards 16 size 48 Howl #buckets 8 coarsen threshold 3686 Howl Bitmap #cards 512 size 80 coarsen threshold 460 Card regions per heap region 1 cards per card region 4096
 CPUs: 16 total, 16 available
 Memory: 16088M
 Large Page Support: Disabled
 NUMA Support: Disabled
 Compressed Oops: Enabled (Zero based)
 Heap Region Size: 2M
 Heap Min Capacity: 8M
 Heap Initial Capacity: 252M
 Heap Max Capacity: 4024M
 Pre-touch: Disabled
 Parallel Workers: 13
 Concurrent Workers: 3
 Concurrent Refinement Workers: 13
 Periodic GC: Disabled
Heap:
 garbage-first heap   total 81920K, used 37971K [0x0000000704800000, 0x0000000800000000)
  region size 2048K, 8 young (16384K), 1 survivors (2048K)
 Metaspace       used 61622K, committed 62272K, reserved 1114112K
  class space    used 7946K, committed 8256K, reserved 1048576K
GC Heap History (20 events):
Event: 0.672 GC heap before
{Heap before GC invocations=1 (full 0):
 garbage-first heap   total 258048K, used 33501K [0x0000000704800000, 0x0000000800000000)
  region size 2048K, 15 young (30720K), 2 survivors (4096K)
 Metaspace       used 12713K, committed 12928K, reserved 1114112K
  class space    used 1477K, committed 1600K, reserved 1048576K
}
Event: 0.675 GC heap after
{Heap after GC invocations=2 (full 0):
 garbage-first heap   total 258048K, used 9613K [0x0000000704800000, 0x0000000800000000)
  region size 2048K, 2 young (4096K), 2 survivors (4096K)
 Metaspace       used 12713K, committed 12928K, reserved 1114112K
  class space    used 1477K, committed 1600K, reserved 1048576K
}
Event: 1.291 GC heap before
{Heap before GC invocations=2 (full 0):
 garbage-first heap   total 258048K, used 60813K [0x0000000704800000, 0x0000000800000000)
  region size 2048K, 29 young (59392K), 2 survivors (4096K)
 Metaspace       used 21254K, committed 21504K, reserved 1114112K
  class space    used 2489K, committed 2624K, reserved 1048576K
}
Event: 1.296 GC heap after
{Heap after GC invocations=3 (full 0):
 garbage-first heap   total 258048K, used 14195K [0x0000000704800000, 0x0000000800000000)
  region size 2048K, 4 young (8192K), 4 survivors (8192K)
 Metaspace       used 21254K, committed 21504K, reserved 1114112K
  class space    used 2489K, committed 2624K, reserved 1048576K
}
Event: 1.826 GC heap before
{Heap before GC invocations=4 (full 0):
 garbage-first heap   total 61440K, used 42867K [0x0000000704800000, 0x0000000800000000)
  region size 2048K, 18 young (36864K), 4 survivors (8192K)
 Metaspace       used 25419K, committed 25792K, reserved 1114112K
  class space    used 3032K, committed 3200K, reserved 1048576K
}
Event: 1.832 GC heap after
{Heap after GC invocations=5 (full 0):
 garbage-first heap   total 61440K, used 16370K [0x0000000704800000, 0x0000000800000000)
  region size 2048K, 2 young (4096K), 2 survivors (4096K)
 Metaspace       used 25419K, committed 25792K, reserved 1114112K
  class space    used 3032K, committed 3200K, reserved 1048576K
}
Event: 1.865 GC heap before
{Heap before GC invocations=5 (full 0):
 garbage-first heap   total 61440K, used 18418K [0x0000000704800000, 0x0000000800000000)
  region size 2048K, 3 young (6144K), 2 survivors (4096K)
 Metaspace       used 25686K, committed 26048K, reserved 1114112K
  class space    used 3054K, committed 3200K, reserved 1048576K
}
Event: 1.868 GC heap after
{Heap after GC invocations=6 (full 0):
 garbage-first heap   total 61440K, used 16877K [0x0000000704800000, 0x0000000800000000)
  region size 2048K, 1 young (2048K), 1 survivors (2048K)
 Metaspace       used 25686K, committed 26048K, reserved 1114112K
  class space    used 3054K, committed 3200K, reserved 1048576K
}
Event: 2.339 GC heap before
{Heap before GC invocations=6 (full 0):
 garbage-first heap   total 61440K, used 39405K [0x0000000704800000, 0x0000000800000000)
  region size 2048K, 13 young (26624K), 1 survivors (2048K)
 Metaspace       used 30307K, committed 30784K, reserved 1114112K
  class space    used 3684K, committed 3904K, reserved 1048576K
}
Event: 2.343 GC heap after
{Heap after GC invocations=7 (full 0):
 garbage-first heap   total 61440K, used 19127K [0x0000000704800000, 0x0000000800000000)
  region size 2048K, 2 young (4096K), 2 survivors (4096K)
 Metaspace       used 30307K, committed 30784K, reserved 1114112K
  class space    used 3684K, committed 3904K, reserved 1048576K
}
Event: 2.883 GC heap before
{Heap before GC invocations=7 (full 0):
 garbage-first heap   total 61440K, used 41655K [0x0000000704800000, 0x0000000800000000)
  region size 2048K, 13 young (26624K), 2 survivors (4096K)
 Metaspace       used 34350K, committed 34880K, reserved 1114112K
  class space    used 4210K, committed 4480K, reserved 1048576K
}
Event: 2.892 GC heap after
{Heap after GC invocations=8 (full 0):
 garbage-first heap   total 61440K, used 20643K [0x0000000704800000, 0x0000000800000000)
  region size 2048K, 1 young (2048K), 1 survivors (2048K)
 Metaspace       used 34350K, committed 34880K, reserved 1114112K
  class space    used 4210K, committed 4480K, reserved 1048576K
}
Event: 2.989 GC heap before
{Heap before GC invocations=8 (full 0):
 garbage-first heap   total 61440K, used 22691K [0x0000000704800000, 0x0000000800000000)
  region size 2048K, 3 young (6144K), 1 survivors (2048K)
 Metaspace       used 35432K, committed 35968K, reserved 1114112K
  class space    used 4380K, committed 4672K, reserved 1048576K
}
Event: 2.993 GC heap after
{Heap after GC invocations=9 (full 0):
 garbage-first heap   total 159744K, used 20627K [0x0000000704800000, 0x0000000800000000)
  region size 2048K, 1 young (2048K), 1 survivors (2048K)
 Metaspace       used 35432K, committed 35968K, reserved 1114112K
  class space    used 4380K, committed 4672K, reserved 1048576K
}
Event: 4.007 GC heap before
{Heap before GC invocations=10 (full 0):
 garbage-first heap   total 81920K, used 65683K [0x0000000704800000, 0x0000000800000000)
  region size 2048K, 24 young (49152K), 1 survivors (2048K)
 Metaspace       used 50893K, committed 51456K, reserved 1114112K
  class space    used 6293K, committed 6528K, reserved 1048576K
}
Event: 4.013 GC heap after
{Heap after GC invocations=11 (full 0):
 garbage-first heap   total 81920K, used 24584K [0x0000000704800000, 0x0000000800000000)
  region size 2048K, 3 young (6144K), 3 survivors (6144K)
 Metaspace       used 50893K, committed 51456K, reserved 1114112K
  class space    used 6293K, committed 6528K, reserved 1048576K
}
Event: 4.038 GC heap before
{Heap before GC invocations=11 (full 0):
 garbage-first heap   total 81920K, used 26632K [0x0000000704800000, 0x0000000800000000)
  region size 2048K, 4 young (8192K), 3 survivors (6144K)
 Metaspace       used 51437K, committed 51968K, reserved 1114112K
  class space    used 6364K, committed 6592K, reserved 1048576K
}
Event: 4.043 GC heap after
{Heap after GC invocations=12 (full 0):
 garbage-first heap   total 81920K, used 25090K [0x0000000704800000, 0x0000000800000000)
  region size 2048K, 1 young (2048K), 1 survivors (2048K)
 Metaspace       used 51437K, committed 51968K, reserved 1114112K
  class space    used 6364K, committed 6592K, reserved 1048576K
}
Event: 4.481 GC heap before
{Heap before GC invocations=12 (full 0):
 garbage-first heap   total 81920K, used 55810K [0x0000000704800000, 0x0000000800000000)
  region size 2048K, 18 young (36864K), 1 survivors (2048K)
 Metaspace       used 59510K, committed 60096K, reserved 1114112K
  class space    used 7639K, committed 7936K, reserved 1048576K
}
Event: 4.484 GC heap after
{Heap after GC invocations=13 (full 0):
 garbage-first heap   total 81920K, used 25683K [0x0000000704800000, 0x0000000800000000)
  region size 2048K, 1 young (2048K), 1 survivors (2048K)
 Metaspace       used 59510K, committed 60096K, reserved 1114112K
  class space    used 7639K, committed 7936K, reserved 1048576K
}

